2025-03-20 14:28:44,594 - INFO - 账号：9676942573, 密码：fqjaejhpgs
2025-03-20 14:28:53,180 - INFO - 账号：2747663258, 密码：sysefggegg
2025-03-20 14:29:01,764 - INFO - 账号：3216514557, 密码：isrkihyyas
2025-03-20 14:29:10,354 - INFO - 账号：8335493914, 密码：aaujyokkye
2025-03-20 14:29:18,936 - INFO - 账号：7274959415, 密码：gjiryyreie
2025-03-20 14:29:27,519 - INFO - 账号：1146234937, 密码：pafgouyiyf
2025-03-20 14:29:36,439 - INFO - 账号：9872685169, 密码：kkwtpfjuwf
2025-03-20 14:29:45,033 - INFO - 账号：2835897246, 密码：rotggpguri
2025-03-20 14:29:53,618 - INFO - 账号：6664993715, 密码：hsrhraiafo
2025-03-20 14:30:02,220 - INFO - 账号：6429821933, 密码：karsipgysr
2025-03-20 16:31:27,001 - INFO - 账号：7833811873, 密码：keeauyguky
2025-03-20 16:31:35,607 - INFO - 账号：1591451422, 密码：ppigiueatt
2025-03-20 16:31:44,207 - INFO - 账号：8639958669, 密码：aqjsyopjke
2025-03-20 16:31:52,822 - INFO - 账号：1331145428, 密码：jdkyqwdwek
2025-03-20 16:32:01,451 - INFO - 账号：1265961542, 密码：jwppgeseef
2025-03-20 16:32:10,046 - INFO - 账号：8773572348, 密码：shphdiesgg
2025-03-20 16:32:18,992 - INFO - 账号：9559237977, 密码：ohriygskup
2025-03-20 16:32:27,630 - INFO - 账号：1839879646, 密码：ttouuiuqyi
2025-03-20 16:32:36,251 - INFO - 账号：5272546551, 密码：ykajaaqehp
2025-03-20 16:32:44,853 - INFO - 账号：8997989932, 密码：fayetssurg
2025-03-20 16:32:53,517 - INFO - 账号：2649358916, 密码：urshtjtjek
2025-03-20 16:33:02,140 - INFO - 账号：9136918958, 密码：qpggqssskk
2025-03-20 16:33:10,780 - INFO - 账号：6351674756, 密码：qgsrspqugu
2025-03-20 16:33:19,384 - INFO - 账号：1311195226, 密码：tyfjkarrrr
2025-03-20 16:33:28,002 - INFO - 账号：7636436511, 密码：rdofqhydrj
2025-03-20 16:33:36,616 - INFO - 账号：5653948546, 密码：urjqheufjo
2025-03-20 16:33:45,217 - INFO - 账号：4599391161, 密码：usydphfijh
2025-03-20 16:33:53,860 - INFO - 账号：7414159295, 密码：qsuodtjfre
2025-03-20 16:34:02,485 - INFO - 账号：6344931918, 密码：uhreoedyyd
2025-03-20 16:34:11,100 - INFO - 账号：2478531438, 密码：qreeakeuji
2025-03-20 16:34:19,726 - INFO - 账号：2687292996, 密码：rdjqgfaito
2025-03-20 16:34:28,491 - INFO - 账号：7896854315, 密码：pyadyayfqi
2025-03-20 16:34:37,116 - INFO - 账号：1949783977, 密码：igpwtdaher
2025-03-20 16:34:45,779 - INFO - 账号：2836875815, 密码：fregojyiue
2025-03-20 16:34:54,421 - INFO - 账号：4954434321, 密码：aadeskhept
2025-03-20 16:35:03,064 - INFO - 账号：4729249141, 密码：qtdsahkaus
2025-03-20 16:35:11,688 - INFO - 账号：7356568257, 密码：rhppwofjdi
2025-03-20 16:35:20,311 - INFO - 账号：1747821543, 密码：yjwtrurayw
2025-03-20 16:35:28,928 - INFO - 账号：4515958868, 密码：yyowsqrihq
2025-03-20 16:35:37,563 - INFO - 账号：9913859613, 密码：sowrjqrhhf
2025-03-20 16:35:46,195 - INFO - 账号：7135573462, 密码：ssyqwrhake
2025-03-20 16:35:54,818 - INFO - 账号：1241925489, 密码：piptuwhtwk
2025-03-20 16:36:03,469 - INFO - 账号：9146218756, 密码：jjptpywgki
2025-03-20 16:36:12,101 - INFO - 账号：6787376671, 密码：wrhrsdhppa
2025-03-20 16:36:20,740 - INFO - 账号：9712941721, 密码：uiqdyiaigy
2025-03-20 16:36:29,367 - INFO - 账号：3587685668, 密码：pekuqkgogw
2025-03-20 16:36:38,025 - INFO - 账号：7994261213, 密码：fwqaqwkreg
2025-03-20 16:36:46,682 - INFO - 账号：5365837585, 密码：hfrssdwatk
2025-03-20 16:36:55,334 - INFO - 账号：6735243826, 密码：iokgsrihgp
2025-03-20 16:37:03,976 - INFO - 账号：7946923569, 密码：hwgtrhdigp
2025-03-20 16:37:12,587 - INFO - 账号：1266427911, 密码：iokogaurge
2025-03-20 16:37:21,223 - INFO - 账号：9221737412, 密码：asjyyahefq
2025-03-20 16:37:29,855 - INFO - 账号：4754487265, 密码：ypjhkggiuj
2025-03-20 16:37:38,481 - INFO - 账号：1956457621, 密码：jwgtedftrd
2025-03-20 16:37:47,137 - INFO - 账号：5683118726, 密码：yqwswhtdoh
2025-03-20 16:37:55,763 - INFO - 账号：2915327958, 密码：pihshkrked
2025-03-20 16:38:04,390 - INFO - 账号：2672154843, 密码：ouaopuifiq
2025-03-20 16:38:13,064 - INFO - 账号：9368661967, 密码：hjowehyako
2025-03-20 16:38:21,713 - INFO - 账号：2633851939, 密码：kuraqrgjeu
2025-03-20 16:38:30,352 - INFO - 账号：4785925944, 密码：gkpoiakphp
2025-03-20 16:38:38,983 - INFO - 账号：7222341824, 密码：ofrouywyoh
2025-03-20 16:38:47,627 - INFO - 账号：6362442547, 密码：yiokfuarst
2025-03-20 16:38:56,284 - INFO - 账号：6927841533, 密码：kgytjyjaws
2025-03-20 16:39:04,927 - INFO - 账号：8259716317, 密码：guhrdhskkj
2025-03-20 16:39:13,569 - INFO - 账号：5234581253, 密码：ftypddyrfs
2025-03-20 16:39:22,207 - INFO - 账号：8856394117, 密码：dqkqtigoph
2025-03-20 16:39:30,845 - INFO - 账号：6331835635, 密码：wwdapwphag
2025-03-20 16:39:39,493 - INFO - 账号：6331252599, 密码：pqagewjagj
2025-03-20 16:39:48,134 - INFO - 账号：8549121721, 密码：eihragffor
2025-03-20 16:39:56,753 - INFO - 账号：2269431212, 密码：pffyooeqjh
2025-03-20 16:40:05,387 - INFO - 账号：1323334443, 密码：rjjkpgoyyp
2025-03-20 16:40:14,019 - INFO - 账号：2823977256, 密码：afehoihprw
2025-03-20 16:40:22,660 - INFO - 账号：3468577879, 密码：yrwjjyfrpw
2025-03-20 16:40:31,297 - INFO - 账号：6487678361, 密码：ufjuidipyu
2025-03-20 16:40:40,001 - INFO - 账号：8686584685, 密码：spweowyyih
2025-03-20 16:40:48,633 - INFO - 账号：4142774687, 密码：ykaskpphhp
2025-03-20 16:40:57,257 - INFO - 账号：7827461984, 密码：eqreaddsgp
2025-03-20 16:41:05,899 - INFO - 账号：9236984224, 密码：tufewjdaej
2025-03-20 16:41:14,514 - INFO - 账号：6935167271, 密码：uupwwwhjgp
2025-03-20 16:41:23,157 - INFO - 账号：9343884219, 密码：sirwoshagq
2025-03-20 16:41:31,794 - INFO - 账号：6773478181, 密码：pwqkqatqqk
2025-03-20 16:41:40,430 - INFO - 账号：6834522795, 密码：deieeuoyit
2025-03-20 16:41:49,080 - INFO - 账号：8914332957, 密码：qsjtujytyj
2025-03-20 16:41:57,697 - INFO - 账号：6118367869, 密码：dwhoagpupu
2025-03-20 16:42:06,327 - INFO - 账号：5891386177, 密码：isojhakwiu
2025-03-20 16:42:14,947 - INFO - 账号：2854269546, 密码：ydhosfattw
2025-03-20 16:42:23,581 - INFO - 账号：3531482381, 密码：qwyfishyqo
2025-03-20 16:42:32,223 - INFO - 账号：2511336647, 密码：youjrqesww
2025-03-20 16:42:40,862 - INFO - 账号：7359836812, 密码：fyasoeshwi
2025-03-20 16:42:49,493 - INFO - 账号：5783664833, 密码：oekqjwdsfp
2025-03-20 16:42:58,142 - INFO - 账号：8176363359, 密码：wgkgipwsof
2025-03-20 16:43:06,785 - INFO - 账号：1777728941, 密码：owjqqjwqsd
2025-03-20 16:43:15,425 - INFO - 账号：1371768816, 密码：quoerqipki
2025-03-20 16:43:24,058 - INFO - 账号：1998634937, 密码：pigpyehygq
2025-03-20 16:43:32,700 - INFO - 账号：1763258447, 密码：iwkosghjre
2025-03-20 16:43:41,356 - INFO - 账号：4246811934, 密码：pusjyeohqi
2025-03-20 16:43:49,992 - INFO - 账号：6714915989, 密码：dhjkupwdqh
2025-03-20 16:43:58,630 - INFO - 账号：2478988424, 密码：qfypyyoerd
2025-03-20 16:44:07,293 - INFO - 账号：2313243523, 密码：ggyujtdojf
2025-03-20 16:44:15,940 - INFO - 账号：9629289529, 密码：oeagagkdad
2025-03-20 16:44:24,583 - INFO - 账号：4917883832, 密码：djjjdqrujj
2025-03-20 16:44:33,237 - INFO - 账号：6834641578, 密码：rokfsiihpd
2025-03-20 16:44:41,899 - INFO - 账号：8335929997, 密码：hkqwgoiifi
2025-03-20 16:44:50,547 - INFO - 账号：5823924613, 密码：dyqrrsddji
2025-03-20 16:44:59,191 - INFO - 账号：6135717494, 密码：kptywihpsj
2025-03-20 16:45:07,818 - INFO - 账号：9912324697, 密码：dkrtusrtka
2025-03-20 16:45:16,457 - INFO - 账号：3262678114, 密码：eqrpydaujw
2025-03-20 16:45:25,072 - INFO - 账号：1535332572, 密码：ooeowtwijo
2025-03-20 16:45:33,754 - INFO - 账号：5458835931, 密码：fufqyidyjh
2025-03-20 16:45:42,429 - INFO - 账号：5933673447, 密码：heeotrwiak
2025-03-20 16:45:51,090 - INFO - 账号：2919219517, 密码：srydefusra
2025-03-20 16:45:59,727 - INFO - 账号：6334479455, 密码：ragejkgyda
2025-03-20 16:46:08,377 - INFO - 账号：7429648983, 密码：eerydjpwrw
2025-03-20 16:46:17,065 - INFO - 账号：3326543232, 密码：qsasjegurr
2025-03-20 16:46:25,703 - INFO - 账号：5184355499, 密码：whtapokwuh
2025-03-20 16:46:34,319 - INFO - 账号：6659341996, 密码：yifokteuqd
2025-03-20 16:46:42,967 - INFO - 账号：7552991852, 密码：agoerqwsyj
2025-03-20 16:46:51,609 - INFO - 账号：1795987847, 密码：rjihdorysu
2025-03-20 16:47:00,259 - INFO - 账号：9392282711, 密码：fsfpryoyph
2025-03-20 16:47:08,910 - INFO - 账号：3555141579, 密码：kyrwdaqgyh
2025-03-20 16:47:17,565 - INFO - 账号：2242241881, 密码：yawrskafjp
2025-03-20 16:47:26,200 - INFO - 账号：9531751579, 密码：qfqjrityys
2025-03-20 16:47:34,842 - INFO - 账号：7374698195, 密码：okhrtpqqtr
2025-03-20 16:47:43,481 - INFO - 账号：4848397796, 密码：furkpwjwjw
2025-03-20 16:47:52,145 - INFO - 账号：9396389843, 密码：dfpyyfsyoy
2025-03-20 16:48:00,825 - INFO - 账号：3828915993, 密码：qkedjseywr
2025-03-20 16:48:09,480 - INFO - 账号：2879733337, 密码：uagpjuqrsg
2025-03-20 16:48:18,147 - INFO - 账号：8118663551, 密码：edjwyeqjkt
2025-03-20 16:48:26,789 - INFO - 账号：6837611759, 密码：diisujkqkw
2025-03-20 16:48:35,457 - INFO - 账号：6979492482, 密码：eeywqqrqjr
2025-03-20 16:48:44,105 - INFO - 账号：9857127696, 密码：whqhdywoqu
2025-03-20 16:48:52,763 - INFO - 账号：9118789337, 密码：euspkyejsa
2025-03-20 16:49:01,429 - INFO - 账号：4142158413, 密码：gtarjtiers
2025-03-20 16:49:10,079 - INFO - 账号：4574773156, 密码：wqihgdjasj
2025-03-20 16:49:18,720 - INFO - 账号：8682995575, 密码：otguuawogt
2025-03-20 16:49:27,381 - INFO - 账号：7491119133, 密码：fikherwhwy
2025-03-20 16:49:36,029 - INFO - 账号：2747533318, 密码：sjtsprsitt
2025-03-20 16:49:44,686 - INFO - 账号：5173293153, 密码：ituekpywfr
2025-03-20 16:49:53,360 - INFO - 账号：5811119435, 密码：etiqsfqyyq
2025-03-20 16:50:02,008 - INFO - 账号：3982573379, 密码：rurauwkooo
2025-03-20 16:50:10,654 - INFO - 账号：2524929548, 密码：qoirurwkdh
2025-03-20 16:50:19,352 - INFO - 账号：2854696558, 密码：padqkfueeu
2025-03-20 16:50:28,012 - INFO - 账号：2739214913, 密码：wiejyigjpy
2025-03-20 16:50:36,674 - INFO - 账号：5946999675, 密码：apdjotitsu
2025-03-20 16:50:45,325 - INFO - 账号：9284715844, 密码：iiptkffhoo
2025-03-20 16:50:53,984 - INFO - 账号：2383811324, 密码：gwwoeoryuy
2025-03-20 16:51:02,662 - INFO - 账号：8557877538, 密码：poydpjpiwd
2025-03-20 16:51:11,355 - INFO - 账号：7869714755, 密码：pkargeawtw
2025-03-20 16:51:20,009 - INFO - 账号：8613188686, 密码：frtwgatfje
2025-03-20 16:51:28,668 - INFO - 账号：1155268169, 密码：auiihuwsof
2025-03-20 16:51:37,325 - INFO - 账号：5691685629, 密码：iffhprwtyr
2025-03-20 16:51:45,974 - INFO - 账号：3242554176, 密码：fjkgffsgkp
2025-03-20 16:51:54,617 - INFO - 账号：5191813149, 密码：iwrfokiyej
2025-03-20 16:52:03,270 - INFO - 账号：1533482124, 密码：koqradhokk
2025-03-20 16:52:11,953 - INFO - 账号：5695393744, 密码：taahkgtgte
2025-03-20 16:52:20,603 - INFO - 账号：9799115258, 密码：apyohiyuwq
2025-03-20 16:52:29,250 - INFO - 账号：3572862497, 密码：jsjjtaoeaf
2025-03-20 16:52:37,899 - INFO - 账号：4423564582, 密码：tuyurdiadk
2025-03-20 16:52:46,553 - INFO - 账号：6877958813, 密码：fipisjddwa
2025-03-20 16:52:55,237 - INFO - 账号：4864725945, 密码：kshgefswef
2025-03-20 16:53:03,878 - INFO - 账号：8982491743, 密码：pqwwtqtaia
2025-03-20 16:53:12,527 - INFO - 账号：7779986111, 密码：adqasgrduy
2025-03-20 16:53:21,206 - INFO - 账号：5465273468, 密码：pigkaeqsaa
2025-03-20 16:53:29,846 - INFO - 账号：1354267536, 密码：kfghkfieui
2025-03-20 16:53:38,496 - INFO - 账号：1122188497, 密码：oswtksadyg
2025-03-20 16:53:47,152 - INFO - 账号：7235551872, 密码：stawpjudaa
2025-03-20 16:53:55,793 - INFO - 账号：6488775957, 密码：dgkgoyqfjh
2025-03-20 16:54:04,449 - INFO - 账号：6263473492, 密码：fkgyusugsw
2025-03-20 16:54:13,099 - INFO - 账号：1997182246, 密码：waodpgkuat
2025-03-20 16:54:21,750 - INFO - 账号：2277598426, 密码：qfpqoshyuf
2025-03-20 16:54:30,399 - INFO - 账号：5759666332, 密码：dowdiphrqg
2025-03-20 16:54:39,057 - INFO - 账号：9934411985, 密码：yaoofyroqt
2025-03-20 16:54:47,713 - INFO - 账号：3387579484, 密码：dururrfsoh
2025-03-20 16:54:56,350 - INFO - 账号：9786212954, 密码：rpigdjthru
2025-03-20 16:55:04,997 - INFO - 账号：5411396242, 密码：ohoogsurjy
2025-03-20 16:55:13,630 - INFO - 账号：2981135358, 密码：krefdotddd
2025-03-20 16:55:22,277 - INFO - 账号：6355288765, 密码：stgkgjrtua
2025-03-20 16:55:30,905 - INFO - 账号：9119658876, 密码：isperhurwu
2025-03-20 16:55:39,563 - INFO - 账号：5692554371, 密码：tqhfsgtaja
2025-03-20 16:55:48,245 - INFO - 账号：3268824685, 密码：eudpuijqko
2025-03-20 16:55:56,895 - INFO - 账号：3494622924, 密码：fuydurskhh
2025-03-20 16:56:05,544 - INFO - 账号：9772656582, 密码：gifqwtrgua
2025-03-20 16:56:14,194 - INFO - 账号：7719666255, 密码：hjitffqhrw
2025-03-20 16:56:22,827 - INFO - 账号：2263947641, 密码：uwtiiqapgp
2025-03-20 16:56:31,463 - INFO - 账号：2921154421, 密码：wywporqdod
2025-03-20 16:56:40,103 - INFO - 账号：5279112599, 密码：qqeuqpytqt
2025-03-20 16:56:48,762 - INFO - 账号：6385284392, 密码：qeawfggjpy
2025-03-20 16:56:57,396 - INFO - 账号：2687818337, 密码：uwipkdyera
2025-03-20 16:57:06,028 - INFO - 账号：2496598919, 密码：rsfukiaaqu
2025-03-20 16:57:14,658 - INFO - 账号：7973314169, 密码：wgqaryapfi
2025-03-20 16:57:23,286 - INFO - 账号：1755286494, 密码：dtsdgjhseg
2025-03-20 16:57:31,935 - INFO - 账号：3375774999, 密码：grdkfeqjie
2025-03-20 16:57:40,576 - INFO - 账号：4687388564, 密码：psotfruudi
2025-03-20 16:57:49,189 - INFO - 账号：6789618557, 密码：dsjsyturah
2025-03-20 16:57:57,818 - INFO - 账号：2995132382, 密码：kprwhuhuyg
2025-03-20 16:58:06,476 - INFO - 账号：3448861115, 密码：gjeyakagok
2025-03-20 16:58:15,120 - INFO - 账号：4316489881, 密码：yapwhgrkri
2025-03-20 16:58:23,769 - INFO - 账号：5614226893, 密码：adgjgojptr
2025-03-20 16:58:32,435 - INFO - 账号：4823415422, 密码：pptoaajjps
2025-03-20 16:58:41,152 - INFO - 账号：8575146884, 密码：qidsffkrid
2025-03-20 16:58:49,797 - INFO - 账号：5844258996, 密码：gdrughtokk
2025-03-20 16:58:58,439 - INFO - 账号：1967545296, 密码：qaskrstihi
2025-03-20 16:59:07,090 - INFO - 账号：3844475917, 密码：eeeyfsdkoe
2025-03-20 16:59:15,713 - INFO - 账号：2349567573, 密码：pitwjsjyty
2025-03-20 16:59:24,356 - INFO - 账号：9393354826, 密码：pfyqofoeoy
2025-03-20 16:59:32,996 - INFO - 账号：6565576774, 密码：jjgwyteoaw
2025-03-20 16:59:41,648 - INFO - 账号：2944375629, 密码：pyedauodhk
2025-03-20 16:59:50,286 - INFO - 账号：5576323656, 密码：ttjhtoetgw
2025-03-20 16:59:58,938 - INFO - 账号：5541512427, 密码：iiuudgdjws
2025-03-20 17:00:07,569 - INFO - 账号：3332518463, 密码：ewjkrprgus
