2025-03-20 14:42:21,172 - INFO - 账号：7143833747, 密码：ajgdfdwjjf
2025-03-20 14:42:29,864 - INFO - 账号：4199112834, 密码：fdsiikydwk
2025-03-20 14:42:38,575 - INFO - 账号：7511748453, 密码：okesoiwwek
2025-03-20 14:42:47,294 - INFO - 账号：7636357185, 密码：fjutqksoqt
2025-03-20 14:42:56,023 - INFO - 账号：7491957871, 密码：wjiyqkdfww
2025-03-20 14:43:04,733 - INFO - 账号：5256493727, 密码：yhwykephjh
2025-03-20 14:43:13,906 - INFO - 账号：8435628156, 密码：pttfewqaji
2025-03-20 14:43:22,700 - INFO - 账号：2526419773, 密码：ygjwawyrkt
2025-03-20 14:43:31,454 - INFO - 账号：3917227738, 密码：hyhjgwkghr
2025-03-20 14:43:40,173 - INFO - 账号：6517411423, 密码：yyfwyffjer
2025-03-20 14:43:48,945 - INFO - 账号：4476935489, 密码：whfheoyisj
2025-03-20 14:43:57,688 - INFO - 账号：5519431173, 密码：wftjtsggjy
2025-03-20 14:44:06,452 - INFO - 账号：1653775543, 密码：ifggjeddyh
2025-03-20 14:44:15,187 - INFO - 账号：8161469395, 密码：ueiwryajwj
2025-03-20 14:44:23,930 - INFO - 账号：5251215465, 密码：ujtkwpofti
2025-03-20 14:44:32,654 - INFO - 账号：4247982245, 密码：egwdiyoeyf
2025-03-20 14:44:41,394 - INFO - 账号：7146424792, 密码：datwatgrsy
2025-03-20 14:44:50,130 - INFO - 账号：4968774591, 密码：oftoteyepu
2025-03-20 14:44:58,872 - INFO - 账号：9888983288, 密码：wfoewygher
2025-03-20 14:45:07,621 - INFO - 账号：9921612186, 密码：trhwrsyjor
2025-03-20 14:45:16,362 - INFO - 账号：3391149917, 密码：fkotsetspu
2025-03-20 14:45:25,099 - INFO - 账号：2253994158, 密码：dfftjrsyoj
2025-03-20 14:45:33,834 - INFO - 账号：8246681134, 密码：jdfeardsua
2025-03-20 14:45:42,583 - INFO - 账号：9412948178, 密码：gfyrojdaoo
2025-03-20 14:45:51,418 - INFO - 账号：1382236446, 密码：upraqydaso
2025-03-20 14:46:00,165 - INFO - 账号：3633218653, 密码：pwshqyqhqf
2025-03-20 14:46:08,923 - INFO - 账号：2315681537, 密码：ppyksfjrkh
2025-03-20 14:46:17,683 - INFO - 账号：4215478869, 密码：oteaohtagd
2025-03-20 14:46:26,440 - INFO - 账号：5485414934, 密码：dfwtfrkftw
2025-03-20 14:46:35,214 - INFO - 账号：2659639172, 密码：qejughodhe
2025-03-20 14:46:43,977 - INFO - 账号：7765452781, 密码：iwkrtftqfi
2025-03-20 14:46:52,746 - INFO - 账号：6677645575, 密码：jjgowdhdhp
2025-03-20 14:47:01,481 - INFO - 账号：5554237399, 密码：qfqtiyoyfo
2025-03-20 14:47:10,249 - INFO - 账号：5419425187, 密码：akkweffdus
2025-03-20 14:47:19,029 - INFO - 账号：8321929875, 密码：yauduspiyr
2025-03-20 14:47:27,795 - INFO - 账号：7718318561, 密码：fuuhtyrqyu
2025-03-20 14:47:36,554 - INFO - 账号：1595383117, 密码：akudaaiqho
2025-03-20 14:47:45,326 - INFO - 账号：9262682479, 密码：aqihqqjoty
2025-03-20 14:47:54,087 - INFO - 账号：5873637544, 密码：ugkatqtgrs
2025-03-20 14:48:02,860 - INFO - 账号：2137534518, 密码：guidyyfupw
2025-03-20 14:48:11,610 - INFO - 账号：3561372912, 密码：gtygsyiiha
2025-03-20 14:48:20,376 - INFO - 账号：5928549186, 密码：gwdipsjtge
2025-03-20 14:48:29,140 - INFO - 账号：3875343289, 密码：jurokqhuhq
2025-03-20 14:48:37,910 - INFO - 账号：8766674111, 密码：oqkqthoheh
2025-03-20 14:48:46,645 - INFO - 账号：2314984215, 密码：uqjtjqeqyd
2025-03-20 14:48:55,395 - INFO - 账号：3122863767, 密码：ysjufiqhod
2025-03-20 14:49:04,150 - INFO - 账号：5144529237, 密码：swfjrrujrq
2025-03-20 14:49:12,924 - INFO - 账号：2377458657, 密码：psjghthhwr
2025-03-20 14:49:21,690 - INFO - 账号：1161229337, 密码：pegerhkqfj
2025-03-20 14:49:30,433 - INFO - 账号：8882173645, 密码：efqfiodkry
2025-03-20 14:49:39,202 - INFO - 账号：5335424367, 密码：tfqaukjwdf
2025-03-20 14:49:47,965 - INFO - 账号：1247956373, 密码：ufwyjjhfiu
2025-03-20 14:49:56,734 - INFO - 账号：9475934937, 密码：igjtptfesi
2025-03-20 14:50:05,501 - INFO - 账号：4986578233, 密码：ofwpsjfhfi
2025-03-20 14:50:14,271 - INFO - 账号：1475152821, 密码：rkuuepjrog
2025-03-20 14:50:23,030 - INFO - 账号：2372478227, 密码：aqtkgfaeqf
2025-03-20 14:50:31,799 - INFO - 账号：8714425417, 密码：suuuhggufy
2025-03-20 14:50:40,555 - INFO - 账号：9858911927, 密码：oaheoyqorj
2025-03-20 14:50:49,287 - INFO - 账号：2326672789, 密码：ddoueoksgk
2025-03-20 14:50:58,038 - INFO - 账号：8678876953, 密码：oiuwrkdgij
2025-03-20 14:51:06,804 - INFO - 账号：2246742797, 密码：ikhjiastis
2025-03-20 14:51:15,553 - INFO - 账号：3318774791, 密码：pqdhopufea
2025-03-20 14:51:24,302 - INFO - 账号：5367748819, 密码：thwfphrfer
2025-03-20 14:51:33,052 - INFO - 账号：9871272825, 密码：puwwuhuyri
2025-03-20 14:51:41,801 - INFO - 账号：2271974582, 密码：jtuwgjsjur
2025-03-20 14:51:50,554 - INFO - 账号：5853475925, 密码：pkksueyhjh
2025-03-20 14:51:59,299 - INFO - 账号：7675955823, 密码：rdwagywgfr
2025-03-20 14:52:08,035 - INFO - 账号：3454992161, 密码：ktfpiejpkd
2025-03-20 14:52:16,786 - INFO - 账号：1375884535, 密码：tiwyqeioas
2025-03-20 14:52:25,533 - INFO - 账号：8675991565, 密码：fyuadwersw
2025-03-20 14:52:34,284 - INFO - 账号：3978127826, 密码：gogtjekkqq
2025-03-20 14:52:43,037 - INFO - 账号：8361546652, 密码：hpukuhftfw
2025-03-20 14:52:51,781 - INFO - 账号：8979784149, 密码：gwseripaif
2025-03-20 14:53:00,532 - INFO - 账号：8718756482, 密码：adughqfoie
2025-03-20 14:53:09,279 - INFO - 账号：5588551963, 密码：sohyjrkjfi
2025-03-20 14:53:18,033 - INFO - 账号：1163792463, 密码：aihyhwfhtr
2025-03-20 14:53:26,782 - INFO - 账号：3529684774, 密码：ojdpudraiq
2025-03-20 14:53:35,531 - INFO - 账号：6988223831, 密码：spfyhoiafq
2025-03-20 14:53:44,285 - INFO - 账号：7532843553, 密码：detohaykfi
2025-03-20 14:53:53,029 - INFO - 账号：3767724497, 密码：ojfjrfektk
2025-03-20 14:54:01,783 - INFO - 账号：7238467624, 密码：qkfdkafiak
2025-03-20 14:54:10,531 - INFO - 账号：4454671676, 密码：qgephrqpoo
2025-03-20 14:54:19,279 - INFO - 账号：5135547456, 密码：ghwjparakt
2025-03-20 14:54:28,027 - INFO - 账号：9329221294, 密码：jfaidtgoag
2025-03-20 14:54:36,763 - INFO - 账号：5332237433, 密码：kekafgysdq
2025-03-20 14:54:45,508 - INFO - 账号：3919354246, 密码：ghehqirpqr
2025-03-20 14:54:54,263 - INFO - 账号：9447634376, 密码：koyweajsuu
2025-03-20 14:55:03,030 - INFO - 账号：1728568625, 密码：fhqgpiqwpg
2025-03-20 14:55:11,775 - INFO - 账号：6646627647, 密码：udagugtuou
2025-03-20 14:55:20,509 - INFO - 账号：6398561132, 密码：uskirdkjop
2025-03-20 14:55:29,275 - INFO - 账号：2774785236, 密码：iyiaueewut
2025-03-20 14:55:38,026 - INFO - 账号：1573354218, 密码：kdaetudpys
2025-03-20 14:55:46,772 - INFO - 账号：9781644258, 密码：wkuggkreyd
2025-03-20 14:55:55,563 - INFO - 账号：4939583625, 密码：egrdupgfyk
2025-03-20 14:56:04,372 - INFO - 账号：7139346422, 密码：wrhtyttudp
2025-03-20 14:56:13,134 - INFO - 账号：1778456148, 密码：oreefeqpfi
2025-03-20 14:56:21,907 - INFO - 账号：4525872786, 密码：yyuikkkiio
2025-03-20 14:56:30,673 - INFO - 账号：7387756647, 密码：appoegyiep
2025-03-20 14:56:39,433 - INFO - 账号：7643613771, 密码：atjjfqtyka
2025-03-20 14:56:48,228 - INFO - 账号：9393551144, 密码：kwtsjyijfy
2025-03-20 14:56:56,992 - INFO - 账号：8736953124, 密码：payeroheor
2025-03-20 14:57:05,752 - INFO - 账号：2982667564, 密码：tprdhgwopi
2025-03-20 14:57:14,522 - INFO - 账号：1257813119, 密码：aqyoewrpte
2025-03-20 14:57:23,290 - INFO - 账号：7119724987, 密码：gkfwrrgegr
2025-03-20 14:57:32,039 - INFO - 账号：6854913738, 密码：uwuhhpjput
2025-03-20 14:57:40,787 - INFO - 账号：7493878585, 密码：jqjfkhjgyg
2025-03-20 14:57:49,554 - INFO - 账号：4664825215, 密码：uuhdaihtkt
2025-03-20 14:57:58,313 - INFO - 账号：2846356327, 密码：kfwrpriaoa
2025-03-20 14:58:07,080 - INFO - 账号：7551288464, 密码：hgowiioaee
2025-03-20 14:58:15,853 - INFO - 账号：5156749216, 密码：afwwraraqu
2025-03-20 14:58:24,637 - INFO - 账号：1225199362, 密码：krtsryhuqj
2025-03-20 14:58:33,397 - INFO - 账号：8732831682, 密码：khpoiiqose
2025-03-20 14:58:42,219 - INFO - 账号：1379536191, 密码：dhgpdidtdi
2025-03-20 14:58:50,969 - INFO - 账号：6699777953, 密码：ursrefqwuk
2025-03-20 14:58:59,744 - INFO - 账号：3582344977, 密码：eoifasqejj
2025-03-20 14:59:08,510 - INFO - 账号：2688532692, 密码：proyhousii
2025-03-20 14:59:17,249 - INFO - 账号：6927736946, 密码：skfgwkihar
2025-03-20 14:59:25,998 - INFO - 账号：7857587933, 密码：wyddryestf
2025-03-20 14:59:34,758 - INFO - 账号：5936656236, 密码：fyupgukohr
2025-03-20 14:59:43,527 - INFO - 账号：7138291439, 密码：qtokeuahdf
2025-03-20 14:59:52,264 - INFO - 账号：8282498691, 密码：gfrgiehjtt
2025-03-20 15:00:01,014 - INFO - 账号：6689123577, 密码：rfpiqttfpj
2025-03-20 15:00:09,782 - INFO - 账号：4998535214, 密码：dtsgatihei
2025-03-20 15:00:18,565 - INFO - 账号：3618485928, 密码：uusasatuoi
2025-03-20 15:00:27,297 - INFO - 账号：9256176231, 密码：ipiqaetwtq
2025-03-20 15:00:36,031 - INFO - 账号：3687726153, 密码：okpfysieje
2025-03-20 15:00:44,788 - INFO - 账号：3191265792, 密码：wekudfwkgt
2025-03-20 15:00:53,528 - INFO - 账号：7573536461, 密码：ueegquyhgw
2025-03-20 15:01:02,277 - INFO - 账号：3668269568, 密码：itwdjtharu
2025-03-20 15:01:11,042 - INFO - 账号：9927352987, 密码：ghgiauysjp
2025-03-20 15:01:19,779 - INFO - 账号：8777816148, 密码：swpqhdwqui
2025-03-20 15:01:28,519 - INFO - 账号：7453119574, 密码：hoskdtgswj
2025-03-20 15:01:37,276 - INFO - 账号：9389398329, 密码：frwgeihfof
2025-03-20 15:01:46,027 - INFO - 账号：7131431218, 密码：gidgtwwqqo
2025-03-20 15:01:54,761 - INFO - 账号：5678118633, 密码：fduhywyspo
2025-03-20 15:02:03,506 - INFO - 账号：2636767318, 密码：fseidukkaj
2025-03-20 15:02:12,242 - INFO - 账号：4761694864, 密码：gydkaeqhyu
2025-03-20 15:02:20,991 - INFO - 账号：4897165185, 密码：towqtyhogq
2025-03-20 15:02:29,736 - INFO - 账号：3644418912, 密码：tkuitsrtqf
2025-03-20 15:02:38,484 - INFO - 账号：6367771419, 密码：qwskwjdgoq
2025-03-20 15:02:47,224 - INFO - 账号：4636374117, 密码：ywuqqwattu
2025-03-20 15:02:55,957 - INFO - 账号：4887522244, 密码：ieftjrkwfs
2025-03-20 15:03:04,718 - INFO - 账号：2443655564, 密码：hiwgqfeehu
2025-03-20 15:03:13,466 - INFO - 账号：2175823392, 密码：gferhjhtfh
2025-03-20 15:03:22,224 - INFO - 账号：1296164244, 密码：eoiddskuth
2025-03-20 15:03:31,005 - INFO - 账号：1198226536, 密码：apaeakaadg
2025-03-20 15:03:39,722 - INFO - 账号：8538733726, 密码：ardqtooykr
2025-03-20 15:03:48,471 - INFO - 账号：3212118726, 密码：rudogdutgh
2025-03-20 15:03:57,235 - INFO - 账号：2872348839, 密码：duspwafawf
2025-03-20 15:04:06,040 - INFO - 账号：9833168644, 密码：kqtpyqorua
2025-03-20 15:04:14,781 - INFO - 账号：8793456979, 密码：hjhaukurwq
2025-03-20 15:04:23,520 - INFO - 账号：6131865251, 密码：jgypydkegg
2025-03-20 15:04:32,237 - INFO - 账号：9562349398, 密码：pkteqhqhdh
2025-03-20 15:04:40,953 - INFO - 账号：1746659641, 密码：pjqsuhrpfy
2025-03-20 15:04:49,688 - INFO - 账号：5534773542, 密码：qirpkhdjyh
2025-03-20 15:04:58,418 - INFO - 账号：1341679647, 密码：pifowagfwk
2025-03-20 15:05:07,165 - INFO - 账号：9451928394, 密码：kterjdwiwq
2025-03-20 15:05:15,920 - INFO - 账号：6343567223, 密码：iwwyiafrkt
2025-03-20 15:05:24,632 - INFO - 账号：1518452174, 密码：gakjesipyu
2025-03-20 15:05:33,370 - INFO - 账号：3614482295, 密码：dokuyofhsa
2025-03-20 15:05:42,076 - INFO - 账号：3434365241, 密码：sfwjhitwue
2025-03-20 15:05:50,816 - INFO - 账号：2365969444, 密码：spjhjouuje
2025-03-20 15:05:59,600 - INFO - 账号：7259492743, 密码：wyyhkoyigk
2025-03-20 15:06:08,349 - INFO - 账号：9519778583, 密码：spyquieeju
2025-03-20 15:06:17,096 - INFO - 账号：8373776224, 密码：pwtdkteukk
2025-03-20 15:06:25,853 - INFO - 账号：5197377367, 密码：yeqfejwwhh
2025-03-20 15:06:34,584 - INFO - 账号：4378469766, 密码：gssqrfpyio
2025-03-20 15:06:43,315 - INFO - 账号：2463551459, 密码：jgyrseeuur
2025-03-20 15:06:52,028 - INFO - 账号：5791565369, 密码：qiyrgprqir
2025-03-20 15:07:00,778 - INFO - 账号：4252589698, 密码：jttqroowdy
2025-03-20 15:07:09,531 - INFO - 账号：5353284116, 密码：ytwokopiys
2025-03-20 15:07:18,261 - INFO - 账号：9961956283, 密码：ftaqdougey
2025-03-20 15:07:27,000 - INFO - 账号：5999565664, 密码：twdpwtriii
2025-03-20 15:07:35,795 - INFO - 账号：4589813515, 密码：odttgejkhk
2025-03-20 15:07:44,547 - INFO - 账号：4787527189, 密码：oakfaikdje
2025-03-20 15:07:53,263 - INFO - 账号：5377823941, 密码：jdjjystisg
2025-03-20 15:08:02,016 - INFO - 账号：6111666684, 密码：sqptrhgtya
2025-03-20 15:08:10,762 - INFO - 账号：6162372613, 密码：fogjkiipjg
2025-03-20 15:08:19,478 - INFO - 账号：5162639889, 密码：proeuwtspk
2025-03-20 15:08:28,221 - INFO - 账号：1232271997, 密码：pudkadtday
2025-03-20 15:08:36,986 - INFO - 账号：9688419947, 密码：qrdqretffy
2025-03-20 15:08:45,727 - INFO - 账号：7611429121, 密码：wadfgtdogj
2025-03-20 15:08:54,443 - INFO - 账号：9459469455, 密码：dddwwfjsyf
2025-03-20 15:09:03,222 - INFO - 账号：4658416566, 密码：oorjktyppg
2025-03-20 15:09:11,961 - INFO - 账号：8834924742, 密码：kwaqaoytsj
2025-03-20 15:09:20,709 - INFO - 账号：2287194448, 密码：ddriiypora
2025-03-20 15:09:29,456 - INFO - 账号：5222987692, 密码：hdwuesoepg
2025-03-20 15:09:38,211 - INFO - 账号：2283948213, 密码：afypdeqftk
2025-03-20 15:09:46,963 - INFO - 账号：9588341137, 密码：ykkaitidhq
2025-03-20 15:09:55,728 - INFO - 账号：8546773386, 密码：jtaretfiwk
2025-03-20 15:10:04,507 - INFO - 账号：2191656392, 密码：kjeaksjdhg
2025-03-20 15:10:13,242 - INFO - 账号：9718394472, 密码：rdqgfkkyyt
2025-03-20 15:10:21,991 - INFO - 账号：7836798662, 密码：opqfrwggop
2025-03-20 15:10:30,734 - INFO - 账号：2751954993, 密码：dwyseaupyy
2025-03-20 15:10:39,500 - INFO - 账号：3498426729, 密码：fgsifhshsq
2025-03-20 15:10:48,255 - INFO - 账号：9436677374, 密码：pkwdaqeuhj
2025-03-20 15:10:57,007 - INFO - 账号：3524911585, 密码：ydriajrsjj
2025-03-20 15:11:05,802 - INFO - 账号：9866312461, 密码：auighhyiks
2025-03-20 15:11:14,562 - INFO - 账号：9155646817, 密码：rpgrspjkdw
2025-03-20 15:11:23,313 - INFO - 账号：1794399826, 密码：uskgsatggp
